wandb: Currently logged in as: wander87. Use `wandb login --relogin` to force relogin
wandb: wandb version 0.16.1 is available!  To upgrade, please run:
wandb:  $ pip install wandb --upgrade
wandb: Tracking run with wandb version 0.15.8
wandb: Run data is saved locally in /users/u2021103648/workspace/spaceQA/weighted_lddt_CPU_little_data/wandb/wandb/run-20240105_153858-35i59cx1
wandb: Run `wandb offline` to turn off syncing.
wandb: Syncing run scarlet-pine-21
wandb: ⭐️ View project at https://wandb.ai/wander87/three%20loss%20mean
wandb: 🚀 View run at https://wandb.ai/wander87/three%20loss%20mean/runs/35i59cx1
Torch Device being used:  cpu
wandb prepared
Testing on 10 protein directories:
Dataset length:  50
Let's use 0 GPUs and Data Parallel Model.
cpu
Training data    :  35
Validation data  :  5
Testing data     :  10
/home/u2021103648/workspace/dataQA/clean_pdb/pred/2A5D_clean.pdb
2A5D_clean SUCCESS
Graph(num_nodes=350, num_edges=7000,
      ndata_schemes={'f': Scheme(shape=(12,), dtype=torch.float64)}
      edata_schemes={'f': Scheme(shape=(5,), dtype=torch.float64)})
torch.Size([350, 1]) torch.Size([350, 1])
torch.Size([350, 1]) torch.Size([350, 1])
Epoch: [0]/	Time 16.530	Data 0.085	Loss 32.6063	Local_loss 9.6226	Interface_loss 5.7679	Global_loss 0.0119	Deviation_loss 0.4930
/home/u2021103648/workspace/dataQA/clean_pdb/pred/4A49_clean.pdb
4A49_clean SUCCESS
Graph(num_nodes=222, num_edges=4440,
      ndata_schemes={'f': Scheme(shape=(12,), dtype=torch.float64)}
      edata_schemes={'f': Scheme(shape=(5,), dtype=torch.float64)})
torch.Size([222, 1]) torch.Size([222, 1])
torch.Size([222, 1]) torch.Size([222, 1])
Epoch: [0]/	Time 7.891	Data 0.168	Loss 55.1041	Local_loss 22.8907	Interface_loss 6.1693	Global_loss 0.7266	Deviation_loss 0.2298
/home/u2021103648/workspace/dataQA/clean_pdb/pred/2A5T_1A_20_clean.pdb
2A5T_1A_20_clean SUCCESS
Graph(num_nodes=547, num_edges=10940,
      ndata_schemes={'f': Scheme(shape=(12,), dtype=torch.float64)}
      edata_schemes={'f': Scheme(shape=(5,), dtype=torch.float64)})
torch.Size([547, 1]) torch.Size([547, 1])
torch.Size([547, 1]) torch.Size([547, 1])
Epoch: [0]/	Time 22.360	Data 0.131	Loss 56.2651	Local_loss 21.3994	Interface_loss 1.4219	Global_loss 22.0412	Deviation_loss 6.8931
/home/u2021103648/workspace/dataQA/clean_pdb/pred/6A0N_clean.pdb
6A0N_clean SUCCESS
Graph(num_nodes=329, num_edges=6580,
      ndata_schemes={'f': Scheme(shape=(12,), dtype=torch.float64)}
      edata_schemes={'f': Scheme(shape=(5,), dtype=torch.float64)})
torch.Size([329, 1]) torch.Size([329, 1])
torch.Size([329, 1]) torch.Size([329, 1])
Epoch: [0]/	Time 14.695	Data 0.125	Loss 54.9066	Local_loss 22.6833	Interface_loss 3.1292	Global_loss 1.3474	Deviation_loss 0.2344
/home/u2021103648/workspace/dataQA/clean_pdb/pred/1A0R_clean.pdb
1A0R_clean SUCCESS
Graph(num_nodes=592, num_edges=11840,
      ndata_schemes={'f': Scheme(shape=(12,), dtype=torch.float64)}
      edata_schemes={'f': Scheme(shape=(5,), dtype=torch.float64)})
torch.Size([592, 1]) torch.Size([592, 1])
torch.Size([592, 1]) torch.Size([592, 1])
Epoch: [0]/	Time 26.148	Data 0.127	Loss 47.2494	Local_loss 18.6650	Interface_loss 5.7921	Global_loss 0.8408	Deviation_loss 1.4327
/home/u2021103648/workspace/dataQA/clean_pdb/pred/2A5T_1A_18_clean.pdb
2A5T_1A_18_clean SUCCESS
Graph(num_nodes=547, num_edges=10940,
      ndata_schemes={'f': Scheme(shape=(12,), dtype=torch.float64)}
      edata_schemes={'f': Scheme(shape=(5,), dtype=torch.float64)})
torch.Size([547, 1]) torch.Size([547, 1])
torch.Size([547, 1]) torch.Size([547, 1])
Epoch: [0]/	Time 20.152	Data 0.142	Loss 57.4774	Local_loss 24.1170	Interface_loss 3.4962	Global_loss 24.9649	Deviation_loss 7.7772
/home/u2021103648/workspace/dataQA/clean_pdb/pred/2A5T_1A_17_clean.pdb
2A5T_1A_17_clean SUCCESS
Graph(num_nodes=547, num_edges=10940,
      ndata_schemes={'f': Scheme(shape=(12,), dtype=torch.float64)}
      edata_schemes={'f': Scheme(shape=(5,), dtype=torch.float64)})
torch.Size([547, 1]) torch.Size([547, 1])
torch.Size([547, 1]) torch.Size([547, 1])
Epoch: [0]/	Time 20.123	Data 0.124	Loss 43.9308	Local_loss 17.0478	Interface_loss 3.0906	Global_loss 23.2707	Deviation_loss 6.6532
/home/u2021103648/workspace/dataQA/clean_pdb/pred/2A2A_clean.pdb
2A2A_clean SUCCESS
Graph(num_nodes=607, num_edges=12140,
      ndata_schemes={'f': Scheme(shape=(12,), dtype=torch.float64)}
      edata_schemes={'f': Scheme(shape=(5,), dtype=torch.float64)})
torch.Size([607, 1]) torch.Size([607, 1])
torch.Size([607, 1]) torch.Size([607, 1])
Epoch: [0]/	Time 23.326	Data 0.127	Loss 56.2494	Local_loss 23.0127	Interface_loss 0.1228	Global_loss 8.5782	Deviation_loss 1.0274
/home/u2021103648/workspace/dataQA/clean_pdb/pred/3A32_clean.pdb
3A32_clean SUCCESS
Graph(num_nodes=465, num_edges=9300,
      ndata_schemes={'f': Scheme(shape=(12,), dtype=torch.float64)}
      edata_schemes={'f': Scheme(shape=(5,), dtype=torch.float64)})
torch.Size([465, 1]) torch.Size([465, 1])
torch.Size([465, 1]) torch.Size([465, 1])
Epoch: [0]/	Time 18.949	Data 0.125	Loss 53.5218	Local_loss 22.7237	Interface_loss 3.1654	Global_loss 1.9170	Deviation_loss 0.1430
/home/u2021103648/workspace/dataQA/clean_pdb/pred/4A3T_clean.pdb
4A3T_clean SUCCESS
Graph(num_nodes=892, num_edges=17840,
      ndata_schemes={'f': Scheme(shape=(12,), dtype=torch.float64)}
      edata_schemes={'f': Scheme(shape=(5,), dtype=torch.float64)})
torch.Size([892, 1]) torch.Size([892, 1])
torch.Size([892, 1]) torch.Size([892, 1])
Epoch: [0]/	Time 38.939	Data 0.125	Loss 51.4766	Local_loss 21.0832	Interface_loss 6.7033	Global_loss 3.2303	Deviation_loss 0.9014
/home/u2021103648/workspace/dataQA/clean_pdb/pred/2A5T_1A_10_clean.pdb
2A5T_1A_10_clean SUCCESS
Graph(num_nodes=547, num_edges=10940,
      ndata_schemes={'f': Scheme(shape=(12,), dtype=torch.float64)}
      edata_schemes={'f': Scheme(shape=(5,), dtype=torch.float64)})
torch.Size([547, 1]) torch.Size([547, 1])
torch.Size([547, 1]) torch.Size([547, 1])
Epoch: [0]/	Time 22.895	Data 0.138	Loss 46.7587	Local_loss 19.1857	Interface_loss 4.6913	Global_loss 25.1446	Deviation_loss 7.8982
/home/u2021103648/workspace/dataQA/clean_pdb/pred/2A5T_1A_100_clean.pdb
2A5T_1A_100_clean SUCCESS
Graph(num_nodes=547, num_edges=10940,
      ndata_schemes={'f': Scheme(shape=(12,), dtype=torch.float64)}
      edata_schemes={'f': Scheme(shape=(5,), dtype=torch.float64)})
torch.Size([547, 1]) torch.Size([547, 1])
torch.Size([547, 1]) torch.Size([547, 1])
Epoch: [0]/	Time 20.675	Data 0.121	Loss 40.0754	Local_loss 14.2779	Interface_loss 4.1578	Global_loss 25.8590	Deviation_loss 8.1220
/home/u2021103648/workspace/dataQA/clean_pdb/pred/6A45_clean.pdb
6A45_clean SUCCESS
Graph(num_nodes=431, num_edges=8620,
      ndata_schemes={'f': Scheme(shape=(12,), dtype=torch.float64)}
      edata_schemes={'f': Scheme(shape=(5,), dtype=torch.float64)})
torch.Size([431, 1]) torch.Size([431, 1])
torch.Size([431, 1]) torch.Size([431, 1])
Epoch: [0]/	Time 17.124	Data 0.125	Loss 31.6069	Local_loss 13.9370	Interface_loss 23.2429	Global_loss 2.0054	Deviation_loss 0.2152
/home/u2021103648/workspace/dataQA/clean_pdb/pred/3A1P_clean.pdb
3A1P_clean SUCCESS
Graph(num_nodes=246, num_edges=4920,
      ndata_schemes={'f': Scheme(shape=(12,), dtype=torch.float64)}
      edata_schemes={'f': Scheme(shape=(5,), dtype=torch.float64)})
torch.Size([246, 1]) torch.Size([246, 1])
torch.Size([246, 1]) torch.Size([246, 1])
Epoch: [0]/	Time 9.487	Data 0.120	Loss 34.1593	Local_loss 10.8488	Interface_loss 0.1103	Global_loss 4.0086	Deviation_loss 1.7471
/home/u2021103648/workspace/dataQA/clean_pdb/pred/19HC_clean.pdb
19HC_clean SUCCESS
Graph(num_nodes=584, num_edges=11680,
      ndata_schemes={'f': Scheme(shape=(12,), dtype=torch.float64)}
      edata_schemes={'f': Scheme(shape=(5,), dtype=torch.float64)})
torch.Size([584, 1]) torch.Size([584, 1])
torch.Size([584, 1]) torch.Size([584, 1])
Epoch: [0]/	Time 25.064	Data 0.103	Loss 41.4267	Local_loss 13.3429	Interface_loss 2.8756	Global_loss 24.9259	Deviation_loss 5.3471
/home/u2021103648/workspace/dataQA/clean_pdb/pred/2A3Q_clean.pdb
2A3Q_clean SUCCESS
Graph(num_nodes=220, num_edges=4400,
      ndata_schemes={'f': Scheme(shape=(12,), dtype=torch.float64)}
      edata_schemes={'f': Scheme(shape=(5,), dtype=torch.float64)})
torch.Size([220, 1]) torch.Size([220, 1])
torch.Size([220, 1]) torch.Size([220, 1])
Epoch: [0]/	Time 11.656	Data 0.122	Loss 11.2321	Local_loss 1.9377	Interface_loss 7.6173	Global_loss 2.1217	Deviation_loss 0.2467
/home/u2021103648/workspace/dataQA/clean_pdb/pred/2A5T_1A_1_clean.pdb
2A5T_1A_1_clean SUCCESS
Graph(num_nodes=547, num_edges=10940,
      ndata_schemes={'f': Scheme(shape=(12,), dtype=torch.float64)}
      edata_schemes={'f': Scheme(shape=(5,), dtype=torch.float64)})
torch.Size([547, 1]) torch.Size([547, 1])
torch.Size([547, 1]) torch.Size([547, 1])
Epoch: [0]/	Time 25.223	Data 0.121	Loss 32.0171	Local_loss 9.1561	Interface_loss 5.3237	Global_loss 28.1926	Deviation_loss 6.6564
/home/u2021103648/workspace/dataQA/clean_pdb/pred/2A5T_1A_23_clean.pdb
2A5T_1A_23_clean SUCCESS
Graph(num_nodes=547, num_edges=10940,
      ndata_schemes={'f': Scheme(shape=(12,), dtype=torch.float64)}
      edata_schemes={'f': Scheme(shape=(5,), dtype=torch.float64)})
torch.Size([547, 1]) torch.Size([547, 1])
torch.Size([547, 1]) torch.Size([547, 1])
Epoch: [0]/	Time 21.552	Data 0.115	Loss 27.4215	Local_loss 8.6552	Interface_loss 4.5730	Global_loss 29.4962	Deviation_loss 8.0994
/home/u2021103648/workspace/dataQA/clean_pdb/pred/2A5T_1A_21_clean.pdb
2A5T_1A_21_clean SUCCESS
Graph(num_nodes=547, num_edges=10940,
      ndata_schemes={'f': Scheme(shape=(12,), dtype=torch.float64)}
      edata_schemes={'f': Scheme(shape=(5,), dtype=torch.float64)})
torch.Size([547, 1]) torch.Size([547, 1])
torch.Size([547, 1]) torch.Size([547, 1])
Epoch: [0]/	Time 22.068	Data 0.127	Loss 56.6460	Local_loss 22.0504	Interface_loss 4.7982	Global_loss 30.0872	Deviation_loss 7.9903
/home/u2021103648/workspace/dataQA/clean_pdb/pred/2A5L_clean.pdb
2A5L_clean SUCCESS
Graph(num_nodes=338, num_edges=6760,
      ndata_schemes={'f': Scheme(shape=(12,), dtype=torch.float64)}
      edata_schemes={'f': Scheme(shape=(5,), dtype=torch.float64)})
torch.Size([338, 1]) torch.Size([338, 1])
torch.Size([338, 1]) torch.Size([338, 1])
Epoch: [0]/	Time 15.742	Data 0.131	Loss 35.8604	Local_loss 10.4506	Interface_loss 5.1417	Global_loss 29.5889	Deviation_loss 5.3106
/home/u2021103648/workspace/dataQA/clean_pdb/pred/2A1S_clean.pdb
2A1S_clean SUCCESS
Graph(num_nodes=783, num_edges=15660,
      ndata_schemes={'f': Scheme(shape=(12,), dtype=torch.float64)}
      edata_schemes={'f': Scheme(shape=(5,), dtype=torch.float64)})
torch.Size([783, 1]) torch.Size([783, 1])
torch.Size([783, 1]) torch.Size([783, 1])
Epoch: [0]/	Time 31.950	Data 0.120	Loss 46.9647	Local_loss 17.4418	Interface_loss 15.4280	Global_loss 6.2881	Deviation_loss 3.4276
/home/u2021103648/workspace/dataQA/clean_pdb/pred/5A10_clean.pdb
5A10_clean SUCCESS
Graph(num_nodes=352, num_edges=7040,
      ndata_schemes={'f': Scheme(shape=(12,), dtype=torch.float64)}
      edata_schemes={'f': Scheme(shape=(5,), dtype=torch.float64)})
torch.Size([352, 1]) torch.Size([352, 1])
torch.Size([352, 1]) torch.Size([352, 1])
Epoch: [0]/	Time 14.547	Data 0.123	Loss 23.8133	Local_loss 7.8755	Interface_loss 0.4233	Global_loss 0.4563	Deviation_loss 0.1833
/home/u2021103648/workspace/dataQA/clean_pdb/pred/3A4M_clean.pdb
3A4M_clean SUCCESS
Graph(num_nodes=472, num_edges=9440,
      ndata_schemes={'f': Scheme(shape=(12,), dtype=torch.float64)}
      edata_schemes={'f': Scheme(shape=(5,), dtype=torch.float64)})
torch.Size([472, 1]) torch.Size([472, 1])
torch.Size([472, 1]) torch.Size([472, 1])
Epoch: [0]/	Time 19.010	Data 0.122	Loss 47.8697	Local_loss 20.6460	Interface_loss 24.5696	Global_loss 0.9888	Deviation_loss 6.8960
/home/u2021103648/workspace/dataQA/clean_pdb/pred/6A4V_clean.pdb
6A4V_clean SUCCESS
Graph(num_nodes=539, num_edges=10780,
      ndata_schemes={'f': Scheme(shape=(12,), dtype=torch.float64)}
      edata_schemes={'f': Scheme(shape=(5,), dtype=torch.float64)})
torch.Size([539, 1]) torch.Size([539, 1])
torch.Size([539, 1]) torch.Size([539, 1])
Epoch: [0]/	Time 20.266	Data 0.113	Loss 37.6799	Local_loss 10.8804	Interface_loss 2.4646	Global_loss 31.3229	Deviation_loss 5.0552
/home/u2021103648/workspace/dataQA/clean_pdb/pred/2A5T_1A_14_clean.pdb
2A5T_1A_14_clean SUCCESS
Graph(num_nodes=547, num_edges=10940,
      ndata_schemes={'f': Scheme(shape=(12,), dtype=torch.float64)}
      edata_schemes={'f': Scheme(shape=(5,), dtype=torch.float64)})
torch.Size([547, 1]) torch.Size([547, 1])
torch.Size([547, 1]) torch.Size([547, 1])
Epoch: [0]/	Time 20.631	Data 0.124	Loss 36.3536	Local_loss 13.1808	Interface_loss 5.1462	Global_loss 34.3952	Deviation_loss 6.0177
/home/u2021103648/workspace/dataQA/clean_pdb/pred/6A4R_clean.pdb
6A4R_clean SUCCESS
Graph(num_nodes=465, num_edges=9300,
      ndata_schemes={'f': Scheme(shape=(12,), dtype=torch.float64)}
      edata_schemes={'f': Scheme(shape=(5,), dtype=torch.float64)})
torch.Size([465, 1]) torch.Size([465, 1])
torch.Size([465, 1]) torch.Size([465, 1])
Epoch: [0]/	Time 17.050	Data 0.118	Loss 40.9341	Local_loss 17.0558	Interface_loss 0.0880	Global_loss 0.1621	Deviation_loss 0.1249
/home/u2021103648/workspace/dataQA/clean_pdb/pred/2A5T_1A_22_clean.pdb
2A5T_1A_22_clean SUCCESS
Graph(num_nodes=547, num_edges=10940,
      ndata_schemes={'f': Scheme(shape=(12,), dtype=torch.float64)}
      edata_schemes={'f': Scheme(shape=(5,), dtype=torch.float64)})
torch.Size([547, 1]) torch.Size([547, 1])
torch.Size([547, 1]) torch.Size([547, 1])
Epoch: [0]/	Time 22.025	Data 0.106	Loss 24.3315	Local_loss 6.4146	Interface_loss 9.2108	Global_loss 36.9622	Deviation_loss 8.5506
/home/u2021103648/workspace/dataQA/clean_pdb/pred/2A5T_1A_15_clean.pdb
2A5T_1A_15_clean SUCCESS
Graph(num_nodes=547, num_edges=10940,
      ndata_schemes={'f': Scheme(shape=(12,), dtype=torch.float64)}
      edata_schemes={'f': Scheme(shape=(5,), dtype=torch.float64)})
torch.Size([547, 1]) torch.Size([547, 1])
torch.Size([547, 1]) torch.Size([547, 1])
Epoch: [0]/	Time 23.150	Data 0.120	Loss 36.8546	Local_loss 12.2268	Interface_loss 8.2036	Global_loss 36.8565	Deviation_loss 7.5782
/home/u2021103648/workspace/dataQA/clean_pdb/pred/4A1F_clean.pdb
4A1F_clean SUCCESS
Graph(num_nodes=630, num_edges=12600,
      ndata_schemes={'f': Scheme(shape=(12,), dtype=torch.float64)}
      edata_schemes={'f': Scheme(shape=(5,), dtype=torch.float64)})
torch.Size([630, 1]) torch.Size([630, 1])
torch.Size([630, 1]) torch.Size([630, 1])
Epoch: [0]/	Time 23.918	Data 0.109	Loss 47.7535	Local_loss 15.3802	Interface_loss 5.9983	Global_loss 38.1052	Deviation_loss 8.5012
/home/u2021103648/workspace/dataQA/clean_pdb/pred/2A5T_1A_19_clean.pdb
2A5T_1A_19_clean SUCCESS
Graph(num_nodes=547, num_edges=10940,
      ndata_schemes={'f': Scheme(shape=(12,), dtype=torch.float64)}
      edata_schemes={'f': Scheme(shape=(5,), dtype=torch.float64)})
torch.Size([547, 1]) torch.Size([547, 1])
torch.Size([547, 1]) torch.Size([547, 1])
Epoch: [0]/	Time 20.956	Data 0.133	Loss 45.8382	Local_loss 18.5413	Interface_loss 7.0904	Global_loss 38.4652	Deviation_loss 7.1267
/home/u2021103648/workspace/dataQA/clean_pdb/pred/3A1C_clean.pdb
3A1C_clean SUCCESS
Graph(num_nodes=540, num_edges=10800,
      ndata_schemes={'f': Scheme(shape=(12,), dtype=torch.float64)}
      edata_schemes={'f': Scheme(shape=(5,), dtype=torch.float64)})
torch.Size([540, 1]) torch.Size([540, 1])
torch.Size([540, 1]) torch.Size([540, 1])
Epoch: [0]/	Time 18.815	Data 0.137	Loss 43.3858	Local_loss 16.1088	Interface_loss 5.8775	Global_loss 40.7300	Deviation_loss 11.3699
/home/u2021103648/workspace/dataQA/clean_pdb/pred/3A1J_clean.pdb
3A1J_clean SUCCESS
Graph(num_nodes=775, num_edges=15500,
      ndata_schemes={'f': Scheme(shape=(12,), dtype=torch.float64)}
      edata_schemes={'f': Scheme(shape=(5,), dtype=torch.float64)})
torch.Size([775, 1]) torch.Size([775, 1])
torch.Size([775, 1]) torch.Size([775, 1])
Epoch: [0]/	Time 36.622	Data 0.127	Loss 31.1483	Local_loss 9.9448	Interface_loss 3.4457	Global_loss 2.4192	Deviation_loss 0.4697
/home/u2021103648/workspace/dataQA/clean_pdb/pred/4A0Z_clean.pdb
4A0Z_clean SUCCESS
Graph(num_nodes=321, num_edges=6420,
      ndata_schemes={'f': Scheme(shape=(12,), dtype=torch.float64)}
      edata_schemes={'f': Scheme(shape=(5,), dtype=torch.float64)})
torch.Size([321, 1]) torch.Size([321, 1])
torch.Size([321, 1]) torch.Size([321, 1])
Epoch: [0]/	Time 11.372	Data 0.145	Loss 15.5853	Local_loss 4.0187	Interface_loss 17.5366	Global_loss 0.1278	Deviation_loss 0.3408
/home/u2021103648/workspace/dataQA/clean_pdb/pred/2A5T_1A_13_clean.pdb
2A5T_1A_13_clean SUCCESS
Graph(num_nodes=547, num_edges=10940,
      ndata_schemes={'f': Scheme(shape=(12,), dtype=torch.float64)}
      edata_schemes={'f': Scheme(shape=(5,), dtype=torch.float64)})
torch.Size([547, 1]) torch.Size([547, 1])
torch.Size([547, 1]) torch.Size([547, 1])
Epoch: [0]/	Time 19.526	Data 0.104	Loss 48.4147	Local_loss 18.9181	Interface_loss 0.4890	Global_loss 41.7414	Deviation_loss 8.3903
/home/u2021103648/workspace/dataQA/clean_pdb/pred/2A4X_clean.pdb
2A4X_clean SUCCESS
Graph(num_nodes=259, num_edges=5180,
      ndata_schemes={'f': Scheme(shape=(12,), dtype=torch.float64)}
      edata_schemes={'f': Scheme(shape=(5,), dtype=torch.float64)})
torch.Size([259, 1]) torch.Size([259, 1])
torch.Size([259, 1]) torch.Size([259, 1])
Epoch: [0]/	Time 10.168	Data 0.122	Loss 12.0681	Local_loss 1.9949	Interface_loss 6.2729	Global_loss 0.0246	Deviation_loss 0.1458
 training local 14.792 interface 6.104 global 17.069 loss 40.142
/home/u2021103648/workspace/dataQA/clean_pdb/pred/2A5T_1A_21_clean.pdb
2A5T_1A_21_clean SUCCESS
Graph(num_nodes=547, num_edges=10940,
      ndata_schemes={'f': Scheme(shape=(12,), dtype=torch.float64)}
      edata_schemes={'f': Scheme(shape=(5,), dtype=torch.float64)})
torch.Size([547, 1]) torch.Size([547, 1])
torch.Size([547, 1]) torch.Size([547, 1])
Test: [0][('/home/u2021103648/workspace/dataQA/clean_pdb/pred/2A5T_1A_21_clean.pdb',)]	Time 20.221	Loss 43.7057	Local_loss 16.0583	Interface_loss 8.7247	Global_loss 42.0406	Deviation_loss 7.9903
/home/u2021103648/workspace/dataQA/clean_pdb/pred/2A5T_1A_23_clean.pdb
2A5T_1A_23_clean SUCCESS
Graph(num_nodes=547, num_edges=10940,
      ndata_schemes={'f': Scheme(shape=(12,), dtype=torch.float64)}
      edata_schemes={'f': Scheme(shape=(5,), dtype=torch.float64)})
torch.Size([547, 1]) torch.Size([547, 1])
torch.Size([547, 1]) torch.Size([547, 1])
Test: [0][('/home/u2021103648/workspace/dataQA/clean_pdb/pred/2A5T_1A_23_clean.pdb',)]	Time 20.420	Loss 25.9488	Local_loss 7.7602	Interface_loss 6.0179	Global_loss 41.1068	Deviation_loss 8.0994
/home/u2021103648/workspace/dataQA/clean_pdb/pred/2A3Q_clean.pdb
2A3Q_clean SUCCESS
Graph(num_nodes=220, num_edges=4400,
      ndata_schemes={'f': Scheme(shape=(12,), dtype=torch.float64)}
      edata_schemes={'f': Scheme(shape=(5,), dtype=torch.float64)})
torch.Size([220, 1]) torch.Size([220, 1])
torch.Size([220, 1]) torch.Size([220, 1])
Test: [0][('/home/u2021103648/workspace/dataQA/clean_pdb/pred/2A3Q_clean.pdb',)]	Time 7.615	Loss 11.4217	Local_loss 2.1836	Interface_loss 6.3540	Global_loss 0.0926	Deviation_loss 0.2467
/home/u2021103648/workspace/dataQA/clean_pdb/pred/4A49_clean.pdb
4A49_clean SUCCESS
Graph(num_nodes=222, num_edges=4440,
      ndata_schemes={'f': Scheme(shape=(12,), dtype=torch.float64)}
      edata_schemes={'f': Scheme(shape=(5,), dtype=torch.float64)})
torch.Size([222, 1]) torch.Size([222, 1])
torch.Size([222, 1]) torch.Size([222, 1])
Test: [0][('/home/u2021103648/workspace/dataQA/clean_pdb/pred/4A49_clean.pdb',)]	Time 7.458	Loss 27.5761	Local_loss 8.3165	Interface_loss 1.0510	Global_loss 0.5831	Deviation_loss 0.2298
/home/u2021103648/workspace/dataQA/clean_pdb/pred/2A5T_1A_17_clean.pdb
2A5T_1A_17_clean SUCCESS
Graph(num_nodes=547, num_edges=10940,
      ndata_schemes={'f': Scheme(shape=(12,), dtype=torch.float64)}
      edata_schemes={'f': Scheme(shape=(5,), dtype=torch.float64)})
torch.Size([547, 1]) torch.Size([547, 1])
torch.Size([547, 1]) torch.Size([547, 1])
Test: [0][('/home/u2021103648/workspace/dataQA/clean_pdb/pred/2A5T_1A_17_clean.pdb',)]	Time 20.087	Loss 27.9839	Local_loss 8.1291	Interface_loss 7.4607	Global_loss 40.9098	Deviation_loss 6.6532
 validation local 8.490 interface 5.922 global 24.947 loss 27.327
Traceback (most recent call last):
  File "/users/u2021103648/workspace/gcmqa/tmp_train.py", line 317, in <module>
    main()
  File "/users/u2021103648/workspace/gcmqa/tmp_train.py", line 187, in main
    model.modules.save({
AttributeError: 'function' object has no attribute 'save'
wandb: Waiting for W&B process to finish... (failed 1). Press Control-C to abort syncing.
wandb: 
wandb: Run history:
wandb: deviation-loss ▁▁▅▁▂▆▅▂▁▁▆▆▁▂▄▁▅▆▆▄▃▁▅▄▅▁▆▆▆▅█▁▁▆▁▆▆▁▁▅
wandb:    global-loss ▁▁▅▁▁▅▅▂▁▂▅▅▁▂▅▁▆▆▆▆▂▁▁▆▇▁▇▇▇▇█▁▁█▁██▁▁█
wandb: interface-loss ▃▃▁▂▃▂▂▁▂▃▂▂█▁▂▃▂▂▂▂▅▁█▂▂▁▄▃▃▃▃▂▆▁▃▃▃▃▁▃
wandb:     local-loss ▃█▇█▆█▆██▇▆▅▅▄▅▁▃▃▇▄▆▃▇▄▅▆▂▄▅▆▅▄▂▆▁▅▃▁▃▃
wandb:           loss ▄███▆█▆█▇▇▆▅▄▄▆▁▄▃█▅▆▃▇▅▅▅▃▅▇▆▆▄▂▇▁▆▃▁▃▄
wandb: 
wandb: Run summary:
wandb: deviation-loss 6.65324
wandb:    global-loss 40.90982
wandb: interface-loss 7.46072
wandb:     local-loss 8.12908
wandb:           loss 27.98391
wandb: 
wandb: 🚀 View run scarlet-pine-21 at: https://wandb.ai/wander87/three%20loss%20mean/runs/35i59cx1
wandb: ️⚡ View job at https://wandb.ai/wander87/three%20loss%20mean/jobs/QXJ0aWZhY3RDb2xsZWN0aW9uOjEyNjk4MTAwOQ==/version_details/v1
wandb: Synced 6 W&B file(s), 0 media file(s), 0 artifact file(s) and 0 other file(s)
wandb: Find logs at: /users/u2021103648/workspace/spaceQA/weighted_lddt_CPU_little_data/wandb/wandb/run-20240105_153858-35i59cx1/logs
